{"contracts\\simpleSwap.sol":{"l":{"49":11,"50":11,"51":11,"52":11,"53":11,"54":11,"55":11,"58":11,"59":11,"60":11,"62":0,"69":11,"70":11,"73":11,"74":11,"77":11,"78":11,"81":11,"82":11,"84":11,"99":1,"100":1,"101":1,"102":1,"103":1,"104":1,"105":1,"108":1,"109":1,"110":1,"111":1,"112":1,"114":1,"117":1,"120":1,"123":1,"124":1,"127":1,"130":1,"131":1,"133":1,"146":2,"147":2,"148":2,"149":2,"150":2,"151":2,"154":2,"159":2,"160":1,"162":1,"167":2,"168":2,"171":2,"172":2,"175":1,"178":1,"182":2,"185":2,"187":2,"188":2,"189":2,"191":2,"202":1,"203":1,"204":1,"205":1,"208":1,"209":1,"213":1,"215":1,"227":1,"228":1,"229":1,"231":1,"239":11,"240":11,"241":11,"242":11,"243":44,"244":44,"247":0},"path":"C:\\Users\\manue\\projects\\SimpleSwap-Frontend\\contracts\\simpleSwap.sol","s":{"1":11,"2":11,"3":11,"4":11,"5":11,"6":11,"7":11,"8":11,"9":0,"10":11,"11":11,"12":11,"13":11,"14":11,"15":11,"16":11,"17":11,"18":1,"19":1,"20":1,"21":1,"22":1,"23":1,"24":1,"25":1,"26":1,"27":1,"28":1,"29":1,"30":1,"31":1,"32":1,"33":1,"34":1,"35":1,"36":1,"37":1,"38":1,"39":2,"40":2,"41":2,"42":2,"43":2,"44":2,"45":2,"46":2,"47":1,"48":1,"49":2,"50":2,"51":2,"52":2,"53":2,"54":2,"55":2,"56":2,"57":1,"58":1,"59":1,"60":1,"61":1,"62":1,"63":1,"64":1,"65":1,"66":1,"67":1,"68":1,"69":11,"70":11,"71":11,"72":0},"b":{"1":[11,0],"2":[0,0],"3":[1,0],"4":[1,0],"5":[1,0],"6":[1,0],"7":[1,0],"8":[1,0],"9":[2,0],"10":[1,1],"11":[1,1],"12":[1,1],"13":[1,0],"14":[1,0],"15":[1,1],"16":[2,0],"17":[1,0],"18":[1,0],"19":[11,0],"20":[0,0]},"f":{"1":14,"2":11,"3":1,"4":2,"5":1,"6":1,"7":11},"fnMap":{"1":{"name":"constructor","line":35,"loc":{"start":{"line":35,"column":4},"end":{"line":35,"column":45}}},"2":{"name":"addLiquidity","line":48,"loc":{"start":{"line":48,"column":4},"end":{"line":86,"column":4}}},"3":{"name":"removeLiquidity","line":98,"loc":{"start":{"line":98,"column":4},"end":{"line":135,"column":4}}},"4":{"name":"swapExactTokensForTokens","line":145,"loc":{"start":{"line":145,"column":4},"end":{"line":193,"column":4}}},"5":{"name":"getPrice","line":201,"loc":{"start":{"line":201,"column":4},"end":{"line":217,"column":4}}},"6":{"name":"getAmountOut","line":226,"loc":{"start":{"line":226,"column":4},"end":{"line":232,"column":4}}},"7":{"name":"sqrt","line":238,"loc":{"start":{"line":238,"column":4},"end":{"line":249,"column":4}}}},"statementMap":{"1":{"start":{"line":49,"column":8},"end":{"line":49,"column":34}},"2":{"start":{"line":50,"column":8},"end":{"line":50,"column":34}},"3":{"start":{"line":51,"column":8},"end":{"line":51,"column":35}},"4":{"start":{"line":52,"column":8},"end":{"line":52,"column":35}},"5":{"start":{"line":53,"column":8},"end":{"line":53,"column":48}},"6":{"start":{"line":54,"column":8},"end":{"line":54,"column":48}},"7":{"start":{"line":55,"column":8},"end":{"line":55,"column":38}},"8":{"start":{"line":58,"column":8},"end":{"line":58,"column":3634}},"9":{"start":{"line":62,"column":12},"end":{"line":62,"column":89}},"10":{"start":{"line":69,"column":8},"end":{"line":69,"column":67}},"11":{"start":{"line":70,"column":8},"end":{"line":70,"column":67}},"12":{"start":{"line":73,"column":8},"end":{"line":73,"column":84}},"13":{"start":{"line":74,"column":8},"end":{"line":74,"column":84}},"14":{"start":{"line":78,"column":8},"end":{"line":78,"column":39}},"15":{"start":{"line":81,"column":8},"end":{"line":81,"column":103}},"16":{"start":{"line":82,"column":8},"end":{"line":82,"column":43}},"17":{"start":{"line":84,"column":8},"end":{"line":84,"column":118}},"18":{"start":{"line":99,"column":8},"end":{"line":99,"column":34}},"19":{"start":{"line":100,"column":8},"end":{"line":100,"column":34}},"20":{"start":{"line":101,"column":8},"end":{"line":101,"column":35}},"21":{"start":{"line":102,"column":8},"end":{"line":102,"column":35}},"22":{"start":{"line":103,"column":8},"end":{"line":103,"column":38}},"23":{"start":{"line":104,"column":8},"end":{"line":104,"column":40}},"24":{"start":{"line":105,"column":8},"end":{"line":105,"column":40}},"25":{"start":{"line":108,"column":8},"end":{"line":108,"column":87}},"26":{"start":{"line":109,"column":8},"end":{"line":109,"column":85}},"27":{"start":{"line":110,"column":8},"end":{"line":110,"column":78}},"28":{"start":{"line":111,"column":8},"end":{"line":111,"column":99}},"29":{"start":{"line":112,"column":8},"end":{"line":112,"column":99}},"30":{"start":{"line":114,"column":8},"end":{"line":114,"column":41}},"31":{"start":{"line":117,"column":8},"end":{"line":117,"column":39}},"32":{"start":{"line":120,"column":8},"end":{"line":120,"column":42}},"33":{"start":{"line":123,"column":8},"end":{"line":123,"column":101}},"34":{"start":{"line":124,"column":8},"end":{"line":124,"column":101}},"35":{"start":{"line":127,"column":8},"end":{"line":127,"column":100}},"36":{"start":{"line":130,"column":8},"end":{"line":130,"column":57}},"37":{"start":{"line":131,"column":8},"end":{"line":131,"column":57}},"38":{"start":{"line":133,"column":8},"end":{"line":133,"column":38}},"39":{"start":{"line":146,"column":8},"end":{"line":146,"column":34}},"40":{"start":{"line":147,"column":8},"end":{"line":147,"column":34}},"41":{"start":{"line":148,"column":8},"end":{"line":148,"column":36}},"42":{"start":{"line":149,"column":8},"end":{"line":149,"column":44}},"43":{"start":{"line":150,"column":8},"end":{"line":150,"column":36}},"44":{"start":{"line":151,"column":8},"end":{"line":151,"column":36}},"45":{"start":{"line":154,"column":8},"end":{"line":154,"column":140}},"46":{"start":{"line":159,"column":8},"end":{"line":159,"column":10031}},"47":{"start":{"line":160,"column":12},"end":{"line":160,"column":105}},"48":{"start":{"line":162,"column":12},"end":{"line":162,"column":105}},"49":{"start":{"line":167,"column":8},"end":{"line":167,"column":61}},"50":{"start":{"line":168,"column":8},"end":{"line":168,"column":78}},"51":{"start":{"line":171,"column":8},"end":{"line":171,"column":22}},"52":{"start":{"line":172,"column":8},"end":{"line":172,"column":10822}},"53":{"start":{"line":182,"column":8},"end":{"line":182,"column":66}},"54":{"start":{"line":185,"column":8},"end":{"line":185,"column":56}},"55":{"start":{"line":187,"column":8},"end":{"line":187,"column":49}},"56":{"start":{"line":191,"column":8},"end":{"line":191,"column":27}},"57":{"start":{"line":202,"column":8},"end":{"line":202,"column":34}},"58":{"start":{"line":203,"column":8},"end":{"line":203,"column":34}},"59":{"start":{"line":204,"column":8},"end":{"line":204,"column":35}},"60":{"start":{"line":205,"column":8},"end":{"line":205,"column":35}},"61":{"start":{"line":208,"column":8},"end":{"line":208,"column":87}},"62":{"start":{"line":209,"column":8},"end":{"line":209,"column":84}},"63":{"start":{"line":213,"column":8},"end":{"line":213,"column":124}},"64":{"start":{"line":215,"column":8},"end":{"line":215,"column":27}},"65":{"start":{"line":227,"column":8},"end":{"line":227,"column":36}},"66":{"start":{"line":228,"column":8},"end":{"line":228,"column":38}},"67":{"start":{"line":229,"column":8},"end":{"line":229,"column":40}},"68":{"start":{"line":231,"column":8},"end":{"line":231,"column":79}},"69":{"start":{"line":239,"column":8},"end":{"line":239,"column":14617}},"70":{"start":{"line":241,"column":12},"end":{"line":241,"column":30}},"71":{"start":{"line":242,"column":12},"end":{"line":242,"column":14700}},"72":{"start":{"line":246,"column":15},"end":{"line":246,"column":14805}}},"branchMap":{"1":{"line":58,"type":"if","locations":[{"start":{"line":58,"column":8},"end":{"line":58,"column":8}},{"start":{"line":58,"column":8},"end":{"line":58,"column":8}}]},"2":{"line":62,"type":"if","locations":[{"start":{"line":62,"column":12},"end":{"line":62,"column":12}},{"start":{"line":62,"column":12},"end":{"line":62,"column":12}}]},"3":{"line":108,"type":"if","locations":[{"start":{"line":108,"column":8},"end":{"line":108,"column":8}},{"start":{"line":108,"column":8},"end":{"line":108,"column":8}}]},"4":{"line":109,"type":"if","locations":[{"start":{"line":109,"column":8},"end":{"line":109,"column":8}},{"start":{"line":109,"column":8},"end":{"line":109,"column":8}}]},"5":{"line":110,"type":"if","locations":[{"start":{"line":110,"column":8},"end":{"line":110,"column":8}},{"start":{"line":110,"column":8},"end":{"line":110,"column":8}}]},"6":{"line":111,"type":"if","locations":[{"start":{"line":111,"column":8},"end":{"line":111,"column":8}},{"start":{"line":111,"column":8},"end":{"line":111,"column":8}}]},"7":{"line":112,"type":"if","locations":[{"start":{"line":112,"column":8},"end":{"line":112,"column":8}},{"start":{"line":112,"column":8},"end":{"line":112,"column":8}}]},"8":{"line":127,"type":"if","locations":[{"start":{"line":127,"column":8},"end":{"line":127,"column":8}},{"start":{"line":127,"column":8},"end":{"line":127,"column":8}}]},"9":{"line":154,"type":"if","locations":[{"start":{"line":154,"column":8},"end":{"line":154,"column":8}},{"start":{"line":154,"column":8},"end":{"line":154,"column":8}}]},"10":{"line":154,"type":"cond-expr","locations":[{"start":{"line":154,"column":17},"end":{"line":154,"column":38}},{"start":{"line":154,"column":43},"end":{"line":154,"column":64}}]},"11":{"line":154,"type":"cond-expr","locations":[{"start":{"line":154,"column":71},"end":{"line":154,"column":92}},{"start":{"line":154,"column":97},"end":{"line":154,"column":118}}]},"12":{"line":159,"type":"if","locations":[{"start":{"line":159,"column":8},"end":{"line":159,"column":8}},{"start":{"line":159,"column":8},"end":{"line":159,"column":8}}]},"13":{"line":160,"type":"if","locations":[{"start":{"line":160,"column":12},"end":{"line":160,"column":12}},{"start":{"line":160,"column":12},"end":{"line":160,"column":12}}]},"14":{"line":162,"type":"if","locations":[{"start":{"line":162,"column":12},"end":{"line":162,"column":12}},{"start":{"line":162,"column":12},"end":{"line":162,"column":12}}]},"15":{"line":172,"type":"if","locations":[{"start":{"line":172,"column":8},"end":{"line":172,"column":8}},{"start":{"line":172,"column":8},"end":{"line":172,"column":8}}]},"16":{"line":182,"type":"if","locations":[{"start":{"line":182,"column":8},"end":{"line":182,"column":8}},{"start":{"line":182,"column":8},"end":{"line":182,"column":8}}]},"17":{"line":208,"type":"if","locations":[{"start":{"line":208,"column":8},"end":{"line":208,"column":8}},{"start":{"line":208,"column":8},"end":{"line":208,"column":8}}]},"18":{"line":209,"type":"if","locations":[{"start":{"line":209,"column":8},"end":{"line":209,"column":8}},{"start":{"line":209,"column":8},"end":{"line":209,"column":8}}]},"19":{"line":239,"type":"if","locations":[{"start":{"line":239,"column":8},"end":{"line":239,"column":8}},{"start":{"line":239,"column":8},"end":{"line":239,"column":8}}]},"20":{"line":246,"type":"if","locations":[{"start":{"line":246,"column":15},"end":{"line":246,"column":15}},{"start":{"line":246,"column":15},"end":{"line":246,"column":15}}]}}},"contracts\\token.sol":{"l":{"13":28},"path":"C:\\Users\\manue\\projects\\SimpleSwap-Frontend\\contracts\\token.sol","s":{"1":28},"b":{},"f":{"1":28,"2":28},"fnMap":{"1":{"name":"constructor","line":9,"loc":{"start":{"line":8,"column":4},"end":{"line":10,"column":5}}},"2":{"name":"mint","line":12,"loc":{"start":{"line":12,"column":4},"end":{"line":14,"column":4}}}},"statementMap":{"1":{"start":{"line":13,"column":8},"end":{"line":13,"column":24}}},"branchMap":{}}}