{"contracts\\simpleSwap.sol":{"l":{"21":0,"22":0,"25":0,"26":0,"27":0,"29":0,"33":0,"34":0,"37":0,"38":0,"41":0,"42":0,"44":0,"50":0,"51":0,"54":0,"55":0,"56":0,"57":0,"58":0,"60":0,"63":0,"66":0,"67":0,"70":0,"73":0,"74":0,"76":0,"82":0,"83":0,"86":0,"87":0,"88":0,"90":0,"94":0,"95":0,"98":0,"99":0,"100":0,"102":0,"106":0,"109":0,"111":0,"112":0,"113":0,"115":0,"121":0,"122":0,"125":0,"126":0,"128":0,"134":0,"139":0,"140":0,"141":0,"142":0,"143":0,"144":0,"147":0},"path":"C:\\Users\\manue\\projects\\SimpleSwap-Frontend\\contracts\\simpleSwap.sol","s":{"1":0,"2":0,"3":0,"4":0,"5":0,"6":0,"7":0,"8":0,"9":0,"10":0,"11":0,"12":0,"13":0,"14":0,"15":0,"16":0,"17":0,"18":0,"19":0,"20":0,"21":0,"22":0,"23":0,"24":0,"25":0,"26":0,"27":0,"28":0,"29":0,"30":0,"31":0,"32":0,"33":0,"34":0,"35":0,"36":0,"37":0,"38":0,"39":0,"40":0,"41":0,"42":0,"43":0,"44":0,"45":0,"46":0,"47":0,"48":0,"49":0},"b":{"1":[0,0],"2":[0,0],"3":[0,0],"4":[0,0],"5":[0,0],"6":[0,0],"7":[0,0],"8":[0,0],"9":[0,0],"10":[0,0],"11":[0,0],"12":[0,0],"13":[0,0],"14":[0,0],"15":[0,0],"16":[0,0],"17":[0,0],"18":[0,0],"19":[0,0],"20":[0,0]},"f":{"1":0,"2":0,"3":0,"4":0,"5":0,"6":0,"7":0},"fnMap":{"1":{"name":"constructor","line":16,"loc":{"start":{"line":16,"column":4},"end":{"line":16,"column":45}}},"2":{"name":"addLiquidity","line":20,"loc":{"start":{"line":20,"column":4},"end":{"line":46,"column":4}}},"3":{"name":"removeLiquidity","line":49,"loc":{"start":{"line":49,"column":4},"end":{"line":78,"column":4}}},"4":{"name":"swapExactTokensForTokens","line":81,"loc":{"start":{"line":81,"column":4},"end":{"line":117,"column":4}}},"5":{"name":"getPrice","line":120,"loc":{"start":{"line":120,"column":4},"end":{"line":130,"column":4}}},"6":{"name":"getAmountOut","line":133,"loc":{"start":{"line":133,"column":4},"end":{"line":135,"column":4}}},"7":{"name":"sqrt","line":138,"loc":{"start":{"line":138,"column":4},"end":{"line":149,"column":4}}}},"statementMap":{"1":{"start":{"line":21,"column":8},"end":{"line":21,"column":34}},"2":{"start":{"line":22,"column":8},"end":{"line":22,"column":34}},"3":{"start":{"line":25,"column":8},"end":{"line":25,"column":1080}},"4":{"start":{"line":29,"column":12},"end":{"line":29,"column":81}},"5":{"start":{"line":33,"column":8},"end":{"line":33,"column":59}},"6":{"start":{"line":34,"column":8},"end":{"line":34,"column":59}},"7":{"start":{"line":37,"column":8},"end":{"line":37,"column":76}},"8":{"start":{"line":38,"column":8},"end":{"line":38,"column":76}},"9":{"start":{"line":42,"column":8},"end":{"line":42,"column":35}},"10":{"start":{"line":44,"column":8},"end":{"line":44,"column":106}},"11":{"start":{"line":50,"column":8},"end":{"line":50,"column":34}},"12":{"start":{"line":51,"column":8},"end":{"line":51,"column":34}},"13":{"start":{"line":54,"column":8},"end":{"line":54,"column":87}},"14":{"start":{"line":55,"column":8},"end":{"line":55,"column":77}},"15":{"start":{"line":56,"column":8},"end":{"line":56,"column":74}},"16":{"start":{"line":57,"column":8},"end":{"line":57,"column":91}},"17":{"start":{"line":58,"column":8},"end":{"line":58,"column":91}},"18":{"start":{"line":60,"column":8},"end":{"line":60,"column":41}},"19":{"start":{"line":63,"column":8},"end":{"line":63,"column":35}},"20":{"start":{"line":66,"column":8},"end":{"line":66,"column":93}},"21":{"start":{"line":67,"column":8},"end":{"line":67,"column":93}},"22":{"start":{"line":70,"column":8},"end":{"line":70,"column":92}},"23":{"start":{"line":73,"column":8},"end":{"line":73,"column":53}},"24":{"start":{"line":74,"column":8},"end":{"line":74,"column":53}},"25":{"start":{"line":76,"column":8},"end":{"line":76,"column":38}},"26":{"start":{"line":82,"column":8},"end":{"line":82,"column":34}},"27":{"start":{"line":83,"column":8},"end":{"line":83,"column":34}},"28":{"start":{"line":86,"column":8},"end":{"line":86,"column":127}},"29":{"start":{"line":87,"column":8},"end":{"line":87,"column":4129}},"30":{"start":{"line":88,"column":12},"end":{"line":88,"column":99}},"31":{"start":{"line":90,"column":12},"end":{"line":90,"column":99}},"32":{"start":{"line":94,"column":8},"end":{"line":94,"column":54}},"33":{"start":{"line":95,"column":8},"end":{"line":95,"column":71}},"34":{"start":{"line":98,"column":8},"end":{"line":98,"column":22}},"35":{"start":{"line":99,"column":8},"end":{"line":99,"column":4636}},"36":{"start":{"line":106,"column":8},"end":{"line":106,"column":62}},"37":{"start":{"line":109,"column":8},"end":{"line":109,"column":53}},"38":{"start":{"line":111,"column":8},"end":{"line":111,"column":49}},"39":{"start":{"line":115,"column":8},"end":{"line":115,"column":27}},"40":{"start":{"line":121,"column":8},"end":{"line":121,"column":34}},"41":{"start":{"line":122,"column":8},"end":{"line":122,"column":34}},"42":{"start":{"line":125,"column":8},"end":{"line":125,"column":87}},"43":{"start":{"line":126,"column":8},"end":{"line":126,"column":76}},"44":{"start":{"line":128,"column":8},"end":{"line":128,"column":107}},"45":{"start":{"line":134,"column":8},"end":{"line":134,"column":63}},"46":{"start":{"line":139,"column":8},"end":{"line":139,"column":6332}},"47":{"start":{"line":141,"column":12},"end":{"line":141,"column":30}},"48":{"start":{"line":142,"column":12},"end":{"line":142,"column":6415}},"49":{"start":{"line":146,"column":15},"end":{"line":146,"column":6520}}},"branchMap":{"1":{"line":25,"type":"if","locations":[{"start":{"line":25,"column":8},"end":{"line":25,"column":8}},{"start":{"line":25,"column":8},"end":{"line":25,"column":8}}]},"2":{"line":29,"type":"if","locations":[{"start":{"line":29,"column":12},"end":{"line":29,"column":12}},{"start":{"line":29,"column":12},"end":{"line":29,"column":12}}]},"3":{"line":54,"type":"if","locations":[{"start":{"line":54,"column":8},"end":{"line":54,"column":8}},{"start":{"line":54,"column":8},"end":{"line":54,"column":8}}]},"4":{"line":55,"type":"if","locations":[{"start":{"line":55,"column":8},"end":{"line":55,"column":8}},{"start":{"line":55,"column":8},"end":{"line":55,"column":8}}]},"5":{"line":56,"type":"if","locations":[{"start":{"line":56,"column":8},"end":{"line":56,"column":8}},{"start":{"line":56,"column":8},"end":{"line":56,"column":8}}]},"6":{"line":57,"type":"if","locations":[{"start":{"line":57,"column":8},"end":{"line":57,"column":8}},{"start":{"line":57,"column":8},"end":{"line":57,"column":8}}]},"7":{"line":58,"type":"if","locations":[{"start":{"line":58,"column":8},"end":{"line":58,"column":8}},{"start":{"line":58,"column":8},"end":{"line":58,"column":8}}]},"8":{"line":70,"type":"if","locations":[{"start":{"line":70,"column":8},"end":{"line":70,"column":8}},{"start":{"line":70,"column":8},"end":{"line":70,"column":8}}]},"9":{"line":86,"type":"if","locations":[{"start":{"line":86,"column":8},"end":{"line":86,"column":8}},{"start":{"line":86,"column":8},"end":{"line":86,"column":8}}]},"10":{"line":86,"type":"cond-expr","locations":[{"start":{"line":86,"column":17},"end":{"line":86,"column":35}},{"start":{"line":86,"column":40},"end":{"line":86,"column":58}}]},"11":{"line":86,"type":"cond-expr","locations":[{"start":{"line":86,"column":65},"end":{"line":86,"column":83}},{"start":{"line":86,"column":88},"end":{"line":86,"column":105}}]},"12":{"line":87,"type":"if","locations":[{"start":{"line":87,"column":8},"end":{"line":87,"column":8}},{"start":{"line":87,"column":8},"end":{"line":87,"column":8}}]},"13":{"line":88,"type":"if","locations":[{"start":{"line":88,"column":12},"end":{"line":88,"column":12}},{"start":{"line":88,"column":12},"end":{"line":88,"column":12}}]},"14":{"line":90,"type":"if","locations":[{"start":{"line":90,"column":12},"end":{"line":90,"column":12}},{"start":{"line":90,"column":12},"end":{"line":90,"column":12}}]},"15":{"line":99,"type":"if","locations":[{"start":{"line":99,"column":8},"end":{"line":99,"column":8}},{"start":{"line":99,"column":8},"end":{"line":99,"column":8}}]},"16":{"line":106,"type":"if","locations":[{"start":{"line":106,"column":8},"end":{"line":106,"column":8}},{"start":{"line":106,"column":8},"end":{"line":106,"column":8}}]},"17":{"line":125,"type":"if","locations":[{"start":{"line":125,"column":8},"end":{"line":125,"column":8}},{"start":{"line":125,"column":8},"end":{"line":125,"column":8}}]},"18":{"line":126,"type":"if","locations":[{"start":{"line":126,"column":8},"end":{"line":126,"column":8}},{"start":{"line":126,"column":8},"end":{"line":126,"column":8}}]},"19":{"line":139,"type":"if","locations":[{"start":{"line":139,"column":8},"end":{"line":139,"column":8}},{"start":{"line":139,"column":8},"end":{"line":139,"column":8}}]},"20":{"line":146,"type":"if","locations":[{"start":{"line":146,"column":15},"end":{"line":146,"column":15}},{"start":{"line":146,"column":15},"end":{"line":146,"column":15}}]}}}}