TN:
SF:C:\Users\manue\projects\SimpleSwap-Frontend\contracts\simpleSwap.sol
FN:35,constructor
FN:48,addLiquidity
FN:98,removeLiquidity
FN:145,swapExactTokensForTokens
FN:201,getPrice
FN:226,getAmountOut
FN:238,sqrt
FNF:7
FNH:7
FNDA:14,constructor
FNDA:11,addLiquidity
FNDA:1,removeLiquidity
FNDA:2,swapExactTokensForTokens
FNDA:1,getPrice
FNDA:1,getAmountOut
FNDA:11,sqrt
DA:49,11
DA:50,11
DA:51,11
DA:52,11
DA:53,11
DA:54,11
DA:55,11
DA:58,11
DA:59,11
DA:60,11
DA:62,0
DA:69,11
DA:70,11
DA:73,11
DA:74,11
DA:77,11
DA:78,11
DA:81,11
DA:82,11
DA:84,11
DA:99,1
DA:100,1
DA:101,1
DA:102,1
DA:103,1
DA:104,1
DA:105,1
DA:108,1
DA:109,1
DA:110,1
DA:111,1
DA:112,1
DA:114,1
DA:117,1
DA:120,1
DA:123,1
DA:124,1
DA:127,1
DA:130,1
DA:131,1
DA:133,1
DA:146,2
DA:147,2
DA:148,2
DA:149,2
DA:150,2
DA:151,2
DA:154,2
DA:159,2
DA:160,1
DA:162,1
DA:167,2
DA:168,2
DA:171,2
DA:172,2
DA:175,1
DA:178,1
DA:182,2
DA:185,2
DA:187,2
DA:188,2
DA:189,2
DA:191,2
DA:202,1
DA:203,1
DA:204,1
DA:205,1
DA:208,1
DA:209,1
DA:213,1
DA:215,1
DA:227,1
DA:228,1
DA:229,1
DA:231,1
DA:239,11
DA:240,11
DA:241,11
DA:242,11
DA:243,44
DA:244,44
DA:247,0
LF:82
LH:80
BRDA:58,1,0,11
BRDA:58,1,1,0
BRDA:62,2,0,0
BRDA:62,2,1,0
BRDA:108,3,0,1
BRDA:108,3,1,0
BRDA:109,4,0,1
BRDA:109,4,1,0
BRDA:110,5,0,1
BRDA:110,5,1,0
BRDA:111,6,0,1
BRDA:111,6,1,0
BRDA:112,7,0,1
BRDA:112,7,1,0
BRDA:127,8,0,1
BRDA:127,8,1,0
BRDA:154,9,0,2
BRDA:154,9,1,0
BRDA:154,10,0,1
BRDA:154,10,1,1
BRDA:154,11,0,1
BRDA:154,11,1,1
BRDA:159,12,0,1
BRDA:159,12,1,1
BRDA:160,13,0,1
BRDA:160,13,1,0
BRDA:162,14,0,1
BRDA:162,14,1,0
BRDA:172,15,0,1
BRDA:172,15,1,1
BRDA:182,16,0,2
BRDA:182,16,1,0
BRDA:208,17,0,1
BRDA:208,17,1,0
BRDA:209,18,0,1
BRDA:209,18,1,0
BRDA:239,19,0,11
BRDA:239,19,1,0
BRDA:246,20,0,0
BRDA:246,20,1,0
BRF:40
BRH:22
end_of_record
TN:
SF:C:\Users\manue\projects\SimpleSwap-Frontend\contracts\token.sol
FN:9,constructor
FN:12,mint
FNF:2
FNH:2
FNDA:28,constructor
FNDA:28,mint
DA:13,28
LF:1
LH:1
BRF:0
BRH:0
end_of_record
