TN:
SF:C:\Users\manue\projects\SimpleSwap-Frontend\contracts\simpleSwap.sol
FN:16,constructor
FN:20,addLiquidity
FN:49,removeLiquidity
FN:81,swapExactTokensForTokens
FN:120,getPrice
FN:133,getAmountOut
FN:138,sqrt
FNF:7
FNH:7
FNDA:14,constructor
FNDA:11,addLiquidity
FNDA:1,removeLiquidity
FNDA:2,swapExactTokensForTokens
FNDA:1,getPrice
FNDA:1,getAmountOut
FNDA:11,sqrt
DA:21,11
DA:22,11
DA:25,11
DA:26,11
DA:27,11
DA:29,0
DA:33,11
DA:34,11
DA:37,11
DA:38,11
DA:41,11
DA:42,11
DA:44,11
DA:50,1
DA:51,1
DA:54,1
DA:55,1
DA:56,1
DA:57,1
DA:58,1
DA:60,1
DA:63,1
DA:66,1
DA:67,1
DA:70,1
DA:73,1
DA:74,1
DA:76,1
DA:82,2
DA:83,2
DA:86,2
DA:87,2
DA:88,1
DA:90,1
DA:94,2
DA:95,2
DA:98,2
DA:99,2
DA:100,1
DA:102,1
DA:106,2
DA:109,2
DA:111,2
DA:112,2
DA:113,2
DA:115,2
DA:121,1
DA:122,1
DA:125,1
DA:126,1
DA:128,1
DA:134,1
DA:139,11
DA:140,11
DA:141,11
DA:142,11
DA:143,44
DA:144,44
DA:147,0
LF:59
LH:57
BRDA:25,1,0,11
BRDA:25,1,1,0
BRDA:29,2,0,0
BRDA:29,2,1,0
BRDA:54,3,0,1
BRDA:54,3,1,0
BRDA:55,4,0,1
BRDA:55,4,1,0
BRDA:56,5,0,1
BRDA:56,5,1,0
BRDA:57,6,0,1
BRDA:57,6,1,0
BRDA:58,7,0,1
BRDA:58,7,1,0
BRDA:70,8,0,1
BRDA:70,8,1,0
BRDA:86,9,0,2
BRDA:86,9,1,0
BRDA:86,10,0,1
BRDA:86,10,1,1
BRDA:86,11,0,1
BRDA:86,11,1,1
BRDA:87,12,0,1
BRDA:87,12,1,1
BRDA:88,13,0,1
BRDA:88,13,1,0
BRDA:90,14,0,1
BRDA:90,14,1,0
BRDA:99,15,0,1
BRDA:99,15,1,1
BRDA:106,16,0,2
BRDA:106,16,1,0
BRDA:125,17,0,1
BRDA:125,17,1,0
BRDA:126,18,0,1
BRDA:126,18,1,0
BRDA:139,19,0,11
BRDA:139,19,1,0
BRDA:146,20,0,0
BRDA:146,20,1,0
BRF:40
BRH:22
end_of_record
TN:
SF:C:\Users\manue\projects\SimpleSwap-Frontend\contracts\token.sol
FN:9,constructor
FN:12,mint
FNF:2
FNH:2
FNDA:28,constructor
FNDA:28,mint
DA:13,28
LF:1
LH:1
BRF:0
BRH:0
end_of_record
